[2026-04-09 03:09:33] production.ERROR: The /workspaces/codespaces-blank/CIT18-Final-Project/bootstrap/cache directory must be present and writable. {"exception":"[object] (Exception(code: 0): The /workspaces/codespaces-blank/CIT18-Final-Project/bootstrap/cache directory must be present and writable. at /workspaces/codespaces-blank/CIT18-Final-Project/vendor/laravel/framework/src/Illuminate/Foundation/PackageManifest.php:179)
[stacktrace]
#0 /workspaces/codespaces-blank/CIT18-Final-Project/vendor/laravel/framework/src/Illuminate/Foundation/PackageManifest.php(132): Illuminate\\Foundation\\PackageManifest->write()
#1 /workspaces/codespaces-blank/CIT18-Final-Project/vendor/laravel/framework/src/Illuminate/Foundation/PackageManifest.php(108): Illuminate\\Foundation\\PackageManifest->build()
#2 /workspaces/codespaces-blank/CIT18-Final-Project/vendor/laravel/framework/src/Illuminate/Foundation/PackageManifest.php(91): Illuminate\\Foundation\\PackageManifest->getManifest()
#3 /workspaces/codespaces-blank/CIT18-Final-Project/vendor/laravel/framework/src/Illuminate/Foundation/PackageManifest.php(80): Illuminate\\Foundation\\PackageManifest->config()
#4 /workspaces/codespaces-blank/CIT18-Final-Project/vendor/laravel/framework/src/Illuminate/Foundation/Bootstrap/RegisterFacades.php(26): Illuminate\\Foundation\\PackageManifest->aliases()
#5 /workspaces/codespaces-blank/CIT18-Final-Project/vendor/laravel/framework/src/Illuminate/Foundation/Application.php(342): Illuminate\\Foundation\\Bootstrap\\RegisterFacades->bootstrap()
#6 /workspaces/codespaces-blank/CIT18-Final-Project/vendor/laravel/framework/src/Illuminate/Foundation/Console/Kernel.php(474): Illuminate\\Foundation\\Application->bootstrapWith()
#7 /workspaces/codespaces-blank/CIT18-Final-Project/vendor/laravel/framework/src/Illuminate/Foundation/Console/Kernel.php(196): Illuminate\\Foundation\\Console\\Kernel->bootstrap()
#8 /workspaces/codespaces-blank/CIT18-Final-Project/vendor/laravel/framework/src/Illuminate/Foundation/Application.php(1235): Illuminate\\Foundation\\Console\\Kernel->handle()
#9 /workspaces/codespaces-blank/CIT18-Final-Project/artisan(20): Illuminate\\Foundation\\Application->handleCommand()
#10 {main}
"} 
[2026-04-09 03:09:49] production.ERROR: The /workspaces/codespaces-blank/CIT18-Final-Project/bootstrap/cache directory must be present and writable. {"exception":"[object] (Exception(code: 0): The /workspaces/codespaces-blank/CIT18-Final-Project/bootstrap/cache directory must be present and writable. at /workspaces/codespaces-blank/CIT18-Final-Project/vendor/laravel/framework/src/Illuminate/Foundation/PackageManifest.php:179)
[stacktrace]
#0 /workspaces/codespaces-blank/CIT18-Final-Project/vendor/laravel/framework/src/Illuminate/Foundation/PackageManifest.php(132): Illuminate\\Foundation\\PackageManifest->write()
#1 /workspaces/codespaces-blank/CIT18-Final-Project/vendor/laravel/framework/src/Illuminate/Foundation/PackageManifest.php(108): Illuminate\\Foundation\\PackageManifest->build()
#2 /workspaces/codespaces-blank/CIT18-Final-Project/vendor/laravel/framework/src/Illuminate/Foundation/PackageManifest.php(91): Illuminate\\Foundation\\PackageManifest->getManifest()
#3 /workspaces/codespaces-blank/CIT18-Final-Project/vendor/laravel/framework/src/Illuminate/Foundation/PackageManifest.php(80): Illuminate\\Foundation\\PackageManifest->config()
#4 /workspaces/codespaces-blank/CIT18-Final-Project/vendor/laravel/framework/src/Illuminate/Foundation/Bootstrap/RegisterFacades.php(26): Illuminate\\Foundation\\PackageManifest->aliases()
#5 /workspaces/codespaces-blank/CIT18-Final-Project/vendor/laravel/framework/src/Illuminate/Foundation/Application.php(342): Illuminate\\Foundation\\Bootstrap\\RegisterFacades->bootstrap()
#6 /workspaces/codespaces-blank/CIT18-Final-Project/vendor/laravel/framework/src/Illuminate/Foundation/Console/Kernel.php(474): Illuminate\\Foundation\\Application->bootstrapWith()
#7 /workspaces/codespaces-blank/CIT18-Final-Project/vendor/laravel/framework/src/Illuminate/Foundation/Console/Kernel.php(196): Illuminate\\Foundation\\Console\\Kernel->bootstrap()
#8 /workspaces/codespaces-blank/CIT18-Final-Project/vendor/laravel/framework/src/Illuminate/Foundation/Application.php(1235): Illuminate\\Foundation\\Console\\Kernel->handle()
#9 /workspaces/codespaces-blank/CIT18-Final-Project/artisan(20): Illuminate\\Foundation\\Application->handleCommand()
#10 {main}
"} 
[2026-04-09 03:14:23] production.ERROR: file_get_contents(/workspaces/codespaces-blank/CIT18-Final-Project/.env): Failed to open stream: No such file or directory {"exception":"[object] (ErrorException(code: 0): file_get_contents(/workspaces/codespaces-blank/CIT18-Final-Project/.env): Failed to open stream: No such file or directory at /workspaces/codespaces-blank/CIT18-Final-Project/vendor/laravel/framework/src/Illuminate/Foundation/Console/KeyGenerateCommand.php:100)
[stacktrace]
#0 /workspaces/codespaces-blank/CIT18-Final-Project/vendor/laravel/framework/src/Illuminate/Foundation/Bootstrap/HandleExceptions.php(258): Illuminate\\Foundation\\Bootstrap\\HandleExceptions->handleError()
#1 [internal function]: Illuminate\\Foundation\\Bootstrap\\HandleExceptions->Illuminate\\Foundation\\Bootstrap\\{closure}()
#2 /workspaces/codespaces-blank/CIT18-Final-Project/vendor/laravel/framework/src/Illuminate/Foundation/Console/KeyGenerateCommand.php(100): file_get_contents()
#3 /workspaces/codespaces-blank/CIT18-Final-Project/vendor/laravel/framework/src/Illuminate/Foundation/Console/KeyGenerateCommand.php(82): Illuminate\\Foundation\\Console\\KeyGenerateCommand->writeNewEnvironmentFileWith()
#4 /workspaces/codespaces-blank/CIT18-Final-Project/vendor/laravel/framework/src/Illuminate/Foundation/Console/KeyGenerateCommand.php(47): Illuminate\\Foundation\\Console\\KeyGenerateCommand->setKeyInEnvironmentFile()
#5 /workspaces/codespaces-blank/CIT18-Final-Project/vendor/laravel/framework/src/Illuminate/Container/BoundMethod.php(36): Illuminate\\Foundation\\Console\\KeyGenerateCommand->handle()
#6 /workspaces/codespaces-blank/CIT18-Final-Project/vendor/laravel/framework/src/Illuminate/Container/Util.php(43): Illuminate\\Container\\BoundMethod::Illuminate\\Container\\{closure}()
#7 /workspaces/codespaces-blank/CIT18-Final-Project/vendor/laravel/framework/src/Illuminate/Container/BoundMethod.php(95): Illuminate\\Container\\Util::unwrapIfClosure()
#8 /workspaces/codespaces-blank/CIT18-Final-Project/vendor/laravel/framework/src/Illuminate/Container/BoundMethod.php(35): Illuminate\\Container\\BoundMethod::callBoundMethod()
#9 /workspaces/codespaces-blank/CIT18-Final-Project/vendor/laravel/framework/src/Illuminate/Container/Container.php(696): Illuminate\\Container\\BoundMethod::call()
#10 /workspaces/codespaces-blank/CIT18-Final-Project/vendor/laravel/framework/src/Illuminate/Console/Command.php(213): Illuminate\\Container\\Container->call()
#11 /workspaces/codespaces-blank/CIT18-Final-Project/vendor/symfony/console/Command/Command.php(341): Illuminate\\Console\\Command->execute()
#12 /workspaces/codespaces-blank/CIT18-Final-Project/vendor/laravel/framework/src/Illuminate/Console/Command.php(182): Symfony\\Component\\Console\\Command\\Command->run()
#13 /workspaces/codespaces-blank/CIT18-Final-Project/vendor/symfony/console/Application.php(1117): Illuminate\\Console\\Command->run()
#14 /workspaces/codespaces-blank/CIT18-Final-Project/vendor/symfony/console/Application.php(356): Symfony\\Component\\Console\\Application->doRunCommand()
#15 /workspaces/codespaces-blank/CIT18-Final-Project/vendor/symfony/console/Application.php(195): Symfony\\Component\\Console\\Application->doRun()
#16 /workspaces/codespaces-blank/CIT18-Final-Project/vendor/laravel/framework/src/Illuminate/Foundation/Console/Kernel.php(198): Symfony\\Component\\Console\\Application->run()
#17 /workspaces/codespaces-blank/CIT18-Final-Project/vendor/laravel/framework/src/Illuminate/Foundation/Application.php(1235): Illuminate\\Foundation\\Console\\Kernel->handle()
#18 /workspaces/codespaces-blank/CIT18-Final-Project/artisan(20): Illuminate\\Foundation\\Application->handleCommand()
#19 {main}
"} 
